nohup: 入力を無視します
Traceback (most recent call last):
  File "server.py", line 27, in <module>
    app.run(host="0.0.0.0", port=443)
  File "/home/ec2-user/.local/lib/python3.7/site-packages/flask/app.py", line 920, in run
    run_simple(t.cast(str, host), port, self, **options)
  File "/home/ec2-user/.local/lib/python3.7/site-packages/werkzeug/serving.py", line 1010, in run_simple
    inner()
  File "/home/ec2-user/.local/lib/python3.7/site-packages/werkzeug/serving.py", line 959, in inner
    fd=fd,
  File "/home/ec2-user/.local/lib/python3.7/site-packages/werkzeug/serving.py", line 783, in make_server
    host, port, app, request_handler, passthrough_errors, ssl_context, fd=fd
  File "/home/ec2-user/.local/lib/python3.7/site-packages/werkzeug/serving.py", line 688, in __init__
    super().__init__(server_address, handler)  # type: ignore
  File "/usr/lib64/python3.7/socketserver.py", line 452, in __init__
    self.server_bind()
  File "/usr/lib64/python3.7/http/server.py", line 137, in server_bind
    socketserver.TCPServer.server_bind(self)
  File "/usr/lib64/python3.7/socketserver.py", line 466, in server_bind
    self.socket.bind(self.server_address)
PermissionError: [Errno 13] Permission denied
